[0.591s] Invoking command in '/home/g1/ros2_c2_ws/build/object_detection': PYTHONPATH=/home/g1/ros2_c2_ws/build/object_detection/prefix_override:/usr/lib/python3/dist-packages/colcon_core/task/python/colcon_distutils_commands:/home/g1/ros2_c2_ws/install/object_detection/lib/python3.10/site-packages:${PYTHONPATH} /usr/bin/python3 -W ignore:setup.py install is deprecated -W ignore:easy_install command is deprecated setup.py develop --editable --build-directory /home/g1/ros2_c2_ws/build/object_detection/build --no-deps symlink_data
[0.717s] /home/g1/.local/lib/python3.10/site-packages/setuptools/_distutils/dist.py:261: UserWarning: Unknown distribution option: 'tests_require'
[0.717s]   warnings.warn(msg)
[0.825s] running develop
[0.962s] running egg_info
[0.973s] creating object_detection.egg-info
[0.973s] writing object_detection.egg-info/PKG-INFO
[0.973s] writing dependency_links to object_detection.egg-info/dependency_links.txt
[0.974s] writing entry points to object_detection.egg-info/entry_points.txt
[0.974s] writing requirements to object_detection.egg-info/requires.txt
[0.974s] writing top-level names to object_detection.egg-info/top_level.txt
[0.974s] writing manifest file 'object_detection.egg-info/SOURCES.txt'
[1.011s] reading manifest file 'object_detection.egg-info/SOURCES.txt'
[1.012s] writing manifest file 'object_detection.egg-info/SOURCES.txt'
[1.023s] running build_ext
[1.023s] Creating /home/g1/ros2_c2_ws/install/object_detection/lib/python3.10/site-packages/object-detection.egg-link (link to .)
[1.024s] Installing check_drone script to /home/g1/ros2_c2_ws/install/object_detection/lib/object_detection
[1.025s] Installing sub_compress_image script to /home/g1/ros2_c2_ws/install/object_detection/lib/object_detection
[1.025s] 
[1.026s] Installed /home/g1/ros2_c2_ws/build/object_detection
[1.026s] running symlink_data
[1.026s] creating /home/g1/ros2_c2_ws/install/object_detection/share/ament_index/resource_index/packages
[1.027s] symbolically linking /home/g1/ros2_c2_ws/build/object_detection/resource/object_detection -> /home/g1/ros2_c2_ws/install/object_detection/share/ament_index/resource_index/packages
[1.027s] symbolically linking /home/g1/ros2_c2_ws/build/object_detection/package.xml -> /home/g1/ros2_c2_ws/install/object_detection/share/object_detection
[1.075s] Invoked command in '/home/g1/ros2_c2_ws/build/object_detection' returned '0': PYTHONPATH=/home/g1/ros2_c2_ws/build/object_detection/prefix_override:/usr/lib/python3/dist-packages/colcon_core/task/python/colcon_distutils_commands:/home/g1/ros2_c2_ws/install/object_detection/lib/python3.10/site-packages:${PYTHONPATH} /usr/bin/python3 -W ignore:setup.py install is deprecated -W ignore:easy_install command is deprecated setup.py develop --editable --build-directory /home/g1/ros2_c2_ws/build/object_detection/build --no-deps symlink_data
